{
  "stats": {
    "suites": 3,
    "tests": 5,
    "passes": 5,
    "pending": 0,
    "failures": 0,
    "start": "2021-09-19T16:21:28.725Z",
    "end": "2021-09-19T16:21:33.969Z",
    "duration": 5244,
    "testsRegistered": 5,
    "passPercent": 100,
    "pendingPercent": 0,
    "other": 0,
    "hasOther": false,
    "skipped": 0,
    "hasSkipped": false
  },
  "results": [
    {
      "uuid": "84d63065-22d4-4ecb-acd4-b2d0560588c4",
      "title": "",
      "fullFile": "cypress/integration/API/get-city-weather.js",
      "file": "cypress/integration/API/get-city-weather.js",
      "beforeHooks": [],
      "afterHooks": [],
      "tests": [],
      "suites": [
        {
          "uuid": "50029964-5b63-403a-9d8e-36b8f34b320e",
          "title": "API - Get Citys Weather",
          "fullFile": "",
          "file": "",
          "beforeHooks": [],
          "afterHooks": [],
          "tests": [],
          "suites": [
            {
              "uuid": "1337e717-c9a9-4482-ac57-eaea494486a9",
              "title": "Get City List - https://openweathermap.org/data/2.5/find",
              "fullFile": "",
              "file": "",
              "beforeHooks": [],
              "afterHooks": [],
              "tests": [
                {
                  "title": "Main case - Ha Noi",
                  "fullTitle": "API - Get Citys Weather Get City List - https://openweathermap.org/data/2.5/find Main case - Ha Noi",
                  "timedOut": null,
                  "duration": 2248,
                  "state": "passed",
                  "speed": "slow",
                  "pass": true,
                  "fail": false,
                  "pending": false,
                  "context": null,
                  "code": "// Run the request\ncy.request({\n  method: 'GET',\n  url: `${Cypress.env('getCityListAPI')}&q=${cityTestData.main.cityQuery}`,\n  headers: {\n    'Content-Type': 'application/json; charset=utf-8'\n  }\n}).should(response => {\n  /*--- Status = 200 and isSuccess = true ---*/\n  expect(response.status).to.equal(200); // get data \n  let data = response.body;\n  /*--- Check general data ---*/\n  expect(data.count).to.eql(cityTestData.main.expectedResultLength);\n  expect(data.list).to.have.lengthOf(cityTestData.main.expectedResultLength);\n  expect(data.list[0].id).that.is.a('number').to.eql(cityTestData.main.cityId);\n  expect(data.list[0].name.toLowerCase()).that.is.a('string').to.eql(cityTestData.main.cityQuery.toLowerCase());\n  expect(data.list[0].coord).to.exist;\n  expect(data.list[0].main.temp).that.is.a('number').to.exist;\n  expect(data.list[0].weather).to.exist;\n});",
                  "err": {},
                  "uuid": "dfd7eff0-145d-4602-9a8c-bb0df00b69fd",
                  "parentUUID": "1337e717-c9a9-4482-ac57-eaea494486a9",
                  "isHook": false,
                  "skipped": false
                },
                {
                  "title": "Multipe Result - Manchester",
                  "fullTitle": "API - Get Citys Weather Get City List - https://openweathermap.org/data/2.5/find Multipe Result - Manchester",
                  "timedOut": null,
                  "duration": 640,
                  "state": "passed",
                  "speed": "slow",
                  "pass": true,
                  "fail": false,
                  "pending": false,
                  "context": null,
                  "code": "/* The main test case had checked it all, this case we only check number of city returend */\ncy.request({\n  method: 'GET',\n  url: `${Cypress.env('getCityListAPI')}&q=${cityTestData.multipleResult.cityQuery}`,\n  headers: {\n    'Content-Type': 'application/json; charset=utf-8'\n  }\n}).should(response => {\n  /*--- Status = 200 and isSuccess = true ---*/\n  expect(response.status).to.equal(200); // get data \n  let data = response.body;\n  /*--- Check general data ---*/\n  expect(data.count).to.eql(cityTestData.multipleResult.expectedResultLength);\n  expect(data.list).to.have.lengthOf(cityTestData.multipleResult.expectedResultLength);\n});",
                  "err": {},
                  "uuid": "c5d36e49-4def-4b51-ad42-f6991c598eaf",
                  "parentUUID": "1337e717-c9a9-4482-ac57-eaea494486a9",
                  "isHook": false,
                  "skipped": false
                },
                {
                  "title": "With Country ISO code - Manchester, GB",
                  "fullTitle": "API - Get Citys Weather Get City List - https://openweathermap.org/data/2.5/find With Country ISO code - Manchester, GB",
                  "timedOut": null,
                  "duration": 786,
                  "state": "passed",
                  "speed": "slow",
                  "pass": true,
                  "fail": false,
                  "pending": false,
                  "context": null,
                  "code": "/* The main test case had checked it all, this case we only check number of city returend */\ncy.request({\n  method: 'GET',\n  url: `${Cypress.env('getCityListAPI')}&q=${cityTestData.countryISOQuery.cityQuery}, ${cityTestData.countryISOQuery.countryISO}`,\n  headers: {\n    'Content-Type': 'application/json; charset=utf-8'\n  }\n}).should(response => {\n  /*--- Status = 200 and isSuccess = true ---*/\n  expect(response.status).to.equal(200); // get data \n  let data = response.body;\n  /*--- Check general data ---*/\n  expect(data.count).to.eql(cityTestData.countryISOQuery.expectedResultLength);\n  expect(data.list).to.have.lengthOf(cityTestData.countryISOQuery.expectedResultLength);\n});",
                  "err": {},
                  "uuid": "13f058f2-9ba3-4394-b06c-8f9aab6c039d",
                  "parentUUID": "1337e717-c9a9-4482-ac57-eaea494486a9",
                  "isHook": false,
                  "skipped": false
                },
                {
                  "title": "Empty Result - no city",
                  "fullTitle": "API - Get Citys Weather Get City List - https://openweathermap.org/data/2.5/find Empty Result - no city",
                  "timedOut": null,
                  "duration": 694,
                  "state": "passed",
                  "speed": "slow",
                  "pass": true,
                  "fail": false,
                  "pending": false,
                  "context": null,
                  "code": "/* The main test case had checked it all, this case we only check number of city returend */\ncy.request({\n  method: 'GET',\n  url: `${Cypress.env('getCityListAPI')}&q=${cityTestData.emptyResult.cityQuery}, ${cityTestData.emptyResult.countryISO}`,\n  headers: {\n    'Content-Type': 'application/json; charset=utf-8'\n  }\n}).should(response => {\n  /*--- Status = 200 and isSuccess = true ---*/\n  expect(response.status).to.equal(200); // get data \n  let data = response.body;\n  /*--- Check general data ---*/\n  expect(data.count).to.eql(cityTestData.emptyResult.expectedResultLength);\n  expect(data.list).to.have.lengthOf(cityTestData.emptyResult.expectedResultLength);\n});",
                  "err": {},
                  "uuid": "d3a4323a-ca1e-4204-8ef1-282b5e54a87b",
                  "parentUUID": "1337e717-c9a9-4482-ac57-eaea494486a9",
                  "isHook": false,
                  "skipped": false
                }
              ],
              "suites": [],
              "passes": [
                "dfd7eff0-145d-4602-9a8c-bb0df00b69fd",
                "c5d36e49-4def-4b51-ad42-f6991c598eaf",
                "13f058f2-9ba3-4394-b06c-8f9aab6c039d",
                "d3a4323a-ca1e-4204-8ef1-282b5e54a87b"
              ],
              "failures": [],
              "pending": [],
              "skipped": [],
              "duration": 4368,
              "root": false,
              "rootEmpty": false,
              "_timeout": 2000
            },
            {
              "uuid": "9b9784ec-82e3-40f1-a387-195fccc52623",
              "title": "Get City Full Weather - https://openweathermap.org/data/2.5/weather",
              "fullFile": "",
              "file": "",
              "beforeHooks": [],
              "afterHooks": [],
              "tests": [
                {
                  "title": "Main case - Ha Noi",
                  "fullTitle": "API - Get Citys Weather Get City Full Weather - https://openweathermap.org/data/2.5/weather Main case - Ha Noi",
                  "timedOut": null,
                  "duration": 705,
                  "state": "passed",
                  "speed": "slow",
                  "pass": true,
                  "fail": false,
                  "pending": false,
                  "context": null,
                  "code": "// Run the request\ncy.request({\n  method: 'GET',\n  url: `${Cypress.env('getCityFullWeather')}&id=${cityTestData.main.cityId}`,\n  headers: {\n    'Content-Type': 'application/json; charset=utf-8'\n  }\n}).should(response => {\n  /*--- Status = 200 and isSuccess = true ---*/\n  expect(response.status).to.equal(200); // get data \n  let data = response.body;\n  /*--- Check general data ---*/\n  expect(data.name.toLowerCase()).that.is.a('string').to.eql(cityTestData.main.cityQuery.replace(' ', '').toLowerCase());\n  expect(data.coord).to.exist;\n  expect(data.weather).to.exist;\n  expect(data.main.temp).that.is.a('number').to.exist;\n});",
                  "err": {},
                  "uuid": "bb33c445-910a-4c3c-8afc-7f2bce26bcb2",
                  "parentUUID": "9b9784ec-82e3-40f1-a387-195fccc52623",
                  "isHook": false,
                  "skipped": false
                }
              ],
              "suites": [],
              "passes": [
                "bb33c445-910a-4c3c-8afc-7f2bce26bcb2"
              ],
              "failures": [],
              "pending": [],
              "skipped": [],
              "duration": 705,
              "root": false,
              "rootEmpty": false,
              "_timeout": 2000
            }
          ],
          "passes": [],
          "failures": [],
          "pending": [],
          "skipped": [],
          "duration": 0,
          "root": false,
          "rootEmpty": false,
          "_timeout": 2000
        }
      ],
      "passes": [],
      "failures": [],
      "pending": [],
      "skipped": [],
      "duration": 0,
      "root": true,
      "rootEmpty": true,
      "_timeout": 2000
    }
  ],
  "meta": {
    "mocha": {
      "version": "7.0.1"
    },
    "mochawesome": {
      "options": {
        "quiet": false,
        "reportFilename": "mochawesome",
        "saveHtml": false,
        "saveJson": true,
        "consoleReporter": "spec",
        "useInlineDiffs": false,
        "code": true
      },
      "version": "6.2.2"
    },
    "marge": {
      "options": {
        "id": "default",
        "reportDir": "cypress/reports/mocha",
        "quite": true,
        "overwrite": false,
        "html": false,
        "json": true
      },
      "version": "5.2.0"
    }
  }
}