{
  "stats": {
    "suites": 1,
    "tests": 3,
    "passes": 3,
    "pending": 0,
    "failures": 0,
    "start": "2021-09-17T12:50:39.138Z",
    "end": "2021-09-17T12:50:41.381Z",
    "duration": 2243,
    "testsRegistered": 3,
    "passPercent": 100,
    "pendingPercent": 0,
    "other": 0,
    "hasOther": false,
    "skipped": 0,
    "hasSkipped": false
  },
  "results": [
    {
      "uuid": "fa797550-4c7b-4aa1-bf6b-90fd1446a786",
      "title": "",
      "fullFile": "cypress/integration/2-advanced-examples/window.spec.js",
      "file": "cypress/integration/2-advanced-examples/window.spec.js",
      "beforeHooks": [],
      "afterHooks": [],
      "tests": [],
      "suites": [
        {
          "uuid": "8d38f4ca-171f-4138-a11d-5de50356f573",
          "title": "Window",
          "fullFile": "",
          "file": "",
          "beforeHooks": [],
          "afterHooks": [],
          "tests": [
            {
              "title": "cy.window() - get the global window object",
              "fullTitle": "Window cy.window() - get the global window object",
              "timedOut": null,
              "duration": 459,
              "state": "passed",
              "speed": "slow",
              "pass": true,
              "fail": false,
              "pending": false,
              "context": null,
              "code": "// https://on.cypress.io/window\ncy.window().should('have.property', 'top');",
              "err": {},
              "uuid": "fed327fb-07c4-4412-9602-e174fbfbd13c",
              "parentUUID": "8d38f4ca-171f-4138-a11d-5de50356f573",
              "isHook": false,
              "skipped": false
            },
            {
              "title": "cy.document() - get the document object",
              "fullTitle": "Window cy.document() - get the document object",
              "timedOut": null,
              "duration": 102,
              "state": "passed",
              "speed": "slow",
              "pass": true,
              "fail": false,
              "pending": false,
              "context": null,
              "code": "// https://on.cypress.io/document\ncy.document().should('have.property', 'charset').and('eq', 'UTF-8');",
              "err": {},
              "uuid": "a7fcc890-5715-4c3f-8a90-d3527bb14831",
              "parentUUID": "8d38f4ca-171f-4138-a11d-5de50356f573",
              "isHook": false,
              "skipped": false
            },
            {
              "title": "cy.title() - get the title",
              "fullTitle": "Window cy.title() - get the title",
              "timedOut": null,
              "duration": 96,
              "state": "passed",
              "speed": "slow",
              "pass": true,
              "fail": false,
              "pending": false,
              "context": null,
              "code": "// https://on.cypress.io/title\ncy.title().should('include', 'Kitchen Sink');",
              "err": {},
              "uuid": "85404969-d478-4afa-b7e6-e9211fa669fa",
              "parentUUID": "8d38f4ca-171f-4138-a11d-5de50356f573",
              "isHook": false,
              "skipped": false
            }
          ],
          "suites": [],
          "passes": [
            "fed327fb-07c4-4412-9602-e174fbfbd13c",
            "a7fcc890-5715-4c3f-8a90-d3527bb14831",
            "85404969-d478-4afa-b7e6-e9211fa669fa"
          ],
          "failures": [],
          "pending": [],
          "skipped": [],
          "duration": 657,
          "root": false,
          "rootEmpty": false,
          "_timeout": 2000
        }
      ],
      "passes": [],
      "failures": [],
      "pending": [],
      "skipped": [],
      "duration": 0,
      "root": true,
      "rootEmpty": true,
      "_timeout": 2000
    }
  ],
  "meta": {
    "mocha": {
      "version": "7.0.1"
    },
    "mochawesome": {
      "options": {
        "quiet": false,
        "reportFilename": "mochawesome",
        "saveHtml": false,
        "saveJson": true,
        "consoleReporter": "spec",
        "useInlineDiffs": false,
        "code": true
      },
      "version": "6.2.2"
    },
    "marge": {
      "options": {
        "id": "default",
        "reportDir": "cypress/reports/mocha",
        "quite": true,
        "overwrite": false,
        "html": false,
        "json": true
      },
      "version": "5.2.0"
    }
  }
}