{
  "stats": {
    "suites": 1,
    "tests": 3,
    "passes": 3,
    "pending": 0,
    "failures": 0,
    "start": "2021-09-17T12:49:13.681Z",
    "end": "2021-09-17T12:49:15.299Z",
    "duration": 1618,
    "testsRegistered": 3,
    "passPercent": 100,
    "pendingPercent": 0,
    "other": 0,
    "hasOther": false,
    "skipped": 0,
    "hasSkipped": false
  },
  "results": [
    {
      "uuid": "39dbc9b9-4f40-477d-84cf-45d5ea988127",
      "title": "",
      "fullFile": "cypress/integration/2-advanced-examples/location.spec.js",
      "file": "cypress/integration/2-advanced-examples/location.spec.js",
      "beforeHooks": [],
      "afterHooks": [],
      "tests": [],
      "suites": [
        {
          "uuid": "bdcc2b2b-e015-4ef0-ab95-744c937557e2",
          "title": "Location",
          "fullFile": "",
          "file": "",
          "beforeHooks": [],
          "afterHooks": [],
          "tests": [
            {
              "title": "cy.hash() - get the current URL hash",
              "fullTitle": "Location cy.hash() - get the current URL hash",
              "timedOut": null,
              "duration": 291,
              "state": "passed",
              "speed": "slow",
              "pass": true,
              "fail": false,
              "pending": false,
              "context": null,
              "code": "// https://on.cypress.io/hash\ncy.hash().should('be.empty');",
              "err": {},
              "uuid": "cff2a4ac-c192-43de-8b9f-c0d5a29fa309",
              "parentUUID": "bdcc2b2b-e015-4ef0-ab95-744c937557e2",
              "isHook": false,
              "skipped": false
            },
            {
              "title": "cy.location() - get window.location",
              "fullTitle": "Location cy.location() - get window.location",
              "timedOut": null,
              "duration": 124,
              "state": "passed",
              "speed": "slow",
              "pass": true,
              "fail": false,
              "pending": false,
              "context": null,
              "code": "// https://on.cypress.io/location\ncy.location().should(location => {\n  expect(location.hash).to.be.empty;\n  expect(location.href).to.eq('https://example.cypress.io/commands/location');\n  expect(location.host).to.eq('example.cypress.io');\n  expect(location.hostname).to.eq('example.cypress.io');\n  expect(location.origin).to.eq('https://example.cypress.io');\n  expect(location.pathname).to.eq('/commands/location');\n  expect(location.port).to.eq('');\n  expect(location.protocol).to.eq('https:');\n  expect(location.search).to.be.empty;\n});",
              "err": {},
              "uuid": "d7efe9d2-1e1a-4ebc-a0cf-fa9c692d02ab",
              "parentUUID": "bdcc2b2b-e015-4ef0-ab95-744c937557e2",
              "isHook": false,
              "skipped": false
            },
            {
              "title": "cy.url() - get the current URL",
              "fullTitle": "Location cy.url() - get the current URL",
              "timedOut": null,
              "duration": 108,
              "state": "passed",
              "speed": "slow",
              "pass": true,
              "fail": false,
              "pending": false,
              "context": null,
              "code": "// https://on.cypress.io/url\ncy.url().should('eq', 'https://example.cypress.io/commands/location');",
              "err": {},
              "uuid": "669e29c8-7606-4c79-be95-279a3a23cd3c",
              "parentUUID": "bdcc2b2b-e015-4ef0-ab95-744c937557e2",
              "isHook": false,
              "skipped": false
            }
          ],
          "suites": [],
          "passes": [
            "cff2a4ac-c192-43de-8b9f-c0d5a29fa309",
            "d7efe9d2-1e1a-4ebc-a0cf-fa9c692d02ab",
            "669e29c8-7606-4c79-be95-279a3a23cd3c"
          ],
          "failures": [],
          "pending": [],
          "skipped": [],
          "duration": 523,
          "root": false,
          "rootEmpty": false,
          "_timeout": 2000
        }
      ],
      "passes": [],
      "failures": [],
      "pending": [],
      "skipped": [],
      "duration": 0,
      "root": true,
      "rootEmpty": true,
      "_timeout": 2000
    }
  ],
  "meta": {
    "mocha": {
      "version": "7.0.1"
    },
    "mochawesome": {
      "options": {
        "quiet": false,
        "reportFilename": "mochawesome",
        "saveHtml": false,
        "saveJson": true,
        "consoleReporter": "spec",
        "useInlineDiffs": false,
        "code": true
      },
      "version": "6.2.2"
    },
    "marge": {
      "options": {
        "id": "default",
        "reportDir": "cypress/reports/mocha",
        "quite": true,
        "overwrite": false,
        "html": false,
        "json": true
      },
      "version": "5.2.0"
    }
  }
}