{
  "stats": {
    "suites": 4,
    "tests": 10,
    "passes": 9,
    "pending": 0,
    "failures": 1,
    "start": "2021-09-19T16:21:28.725Z",
    "end": "2021-09-19T16:22:53.507Z",
    "duration": 39833,
    "testsRegistered": 10,
    "passPercent": 90,
    "pendingPercent": 0,
    "other": 0,
    "hasOther": false,
    "skipped": 0,
    "hasSkipped": false
  },
  "results": [
    {
      "uuid": "e2599306-9d5f-425d-9790-b4a2794c6290",
      "title": "",
      "fullFile": "cypress/integration/E2E/Desktop/01-home-page.js",
      "file": "cypress/integration/E2E/Desktop/01-home-page.js",
      "beforeHooks": [],
      "afterHooks": [],
      "tests": [],
      "suites": [
        {
          "uuid": "7ff0b00a-e382-40ed-b7f5-ec54ded72e28",
          "title": "Home page - search city",
          "fullFile": "",
          "file": "",
          "beforeHooks": [],
          "afterHooks": [],
          "tests": [
            {
              "title": "Redirect to correct page afer searching",
              "fullTitle": "Home page - search city Redirect to correct page afer searching",
              "timedOut": null,
              "duration": 17435,
              "state": "passed",
              "speed": "slow",
              "pass": true,
              "fail": false,
              "pending": false,
              "context": null,
              "code": "// Check main logo exists\nheader.getMainLogo().should('exist'); // Check search city input visible and input query\nheader.getDesktopSearchInput().should('be.visible').type(`${cityTestData.main.cityQuery}{enter}`);\n/* AFTER NAVIGATING */\n// Check navigate to right page\ncy.url().should('include', cityTestData.main.cityQuery.replace(' ', '+'));",
              "err": {},
              "uuid": "335dfd76-8b89-43c0-820e-76ddc0854e73",
              "parentUUID": "7ff0b00a-e382-40ed-b7f5-ec54ded72e28",
              "isHook": false,
              "skipped": false
            }
          ],
          "suites": [],
          "passes": [
            "335dfd76-8b89-43c0-820e-76ddc0854e73"
          ],
          "failures": [],
          "pending": [],
          "skipped": [],
          "duration": 17435,
          "root": false,
          "rootEmpty": false,
          "_timeout": 2000
        }
      ],
      "passes": [],
      "failures": [],
      "pending": [],
      "skipped": [],
      "duration": 0,
      "root": true,
      "rootEmpty": true,
      "_timeout": 2000
    },
    {
      "uuid": "e79efe30-24af-4be1-b197-605f34171e1e",
      "title": "",
      "fullFile": "cypress/integration/E2E/Desktop/02-list-city-page.js",
      "file": "cypress/integration/E2E/Desktop/02-list-city-page.js",
      "beforeHooks": [],
      "afterHooks": [],
      "tests": [],
      "suites": [
        {
          "uuid": "b54e4017-60c6-4bdd-b8c2-69f0a01431d5",
          "title": "List city page - display result",
          "fullFile": "",
          "file": "",
          "beforeHooks": [],
          "afterHooks": [],
          "tests": [
            {
              "title": "Main case - Found one city",
              "fullTitle": "List city page - display result Main case - Found one city",
              "timedOut": null,
              "duration": 8512,
              "state": "passed",
              "speed": "slow",
              "pass": true,
              "fail": false,
              "pending": false,
              "context": null,
              "code": "// Intercept to check if search city API was called\nconst cityQueryEncode = cityTestData.main.cityQuery.replace(' ', '%20');\ncy.intercept({\n  method: 'GET',\n  url: `${Cypress.env('getCityListAPI_UI')}*&q=${cityQueryEncode}*`\n}).as('getCityList'); // assign an alias \n// Go directly to searching page with query\ncy.visit(`${Cypress.env('homePageURL')}find?q=${cityTestData.main.cityQuery.replace(' ', '+')}`); // Check search input and search log exist on search page\ncityListPage.getCitySearchInput().should('exist');\ncityListPage.getSearchButton().should('exist'); // Search city API was called\ncy.wait('@getCityList', {\n  timeout: 10000\n}).then(interception => {\n  console.log(interception);\n  assert.isNotNull(interception.response.body, 'API was called');\n}); // Check number of city returned\ncityListPage.getCities().should('have.length', cityTestData.main.expectedResultLength); // Check weather img, city name, temperatrue exits and click on the link\ncityListPage.getWeatherImage(0).should('exist');\ncityListPage.getTemperature(0).should('exist');\ncityListPage.getCityName(0).should('have.text', ` ${cityTestData.main.cityQuery}, ${cityTestData.main.countryISO}`).click();\n/* AFTER NAVIGATING */\n// Check navigate to right page\ncy.url().should('include', `city/${cityTestData.main.cityId}`);",
              "err": {},
              "uuid": "2a0c9506-ff3c-4cdc-a316-687fabe83ed1",
              "parentUUID": "b54e4017-60c6-4bdd-b8c2-69f0a01431d5",
              "isHook": false,
              "skipped": false
            },
            {
              "title": "Found multiple cities",
              "fullTitle": "List city page - display result Found multiple cities",
              "timedOut": null,
              "duration": 567,
              "state": "failed",
              "speed": null,
              "pass": false,
              "fail": true,
              "pending": false,
              "context": null,
              "code": "/* The main test case had checked it all, this case we only check number of city returend */\n// Go directly to searching page with query\ncy.visit(`${Cypress.env('homePageURL')}find?q=${cityTestData.multipleResult.cityQuery.replace(' ', '+')}`); // Check number of city returned\ncityListPage.getCities().should('have.length', cityTestData.multipleResult.expectedResultLength);",
              "err": {
                "message": "Error: The following error originated from your application code, not from Cypress. It was caused by an unhandled promise rejection.\n\n  > NetworkError when attempting to fetch resource.\n\nWhen Cypress detects uncaught errors originating from your application it will automatically fail the current test.\n\nThis behavior is configurable, and you can choose to turn this off by listening to the `uncaught:exception` event.\n\nhttps://on.cypress.io/uncaught-exception-from-application",
                "estack": "Error: The following error originated from your application code, not from Cypress. It was caused by an unhandled promise rejection.\n\n  > NetworkError when attempting to fetch resource.\n\nWhen Cypress detects uncaught errors originating from your application it will automatically fail the current test.\n\nThis behavior is configurable, and you can choose to turn this off by listening to the `uncaught:exception` event.\n\nhttps://on.cypress.io/uncaught-exception-from-application\nfetchOneCallAPI/<@https://openweathermap.org/themes/openweathermap/assets/vendor/owm/js/weather-widget-new.4cf40276266129f0d7c2a1ece288ef.js:118:121772\n",
                "diff": null
              },
              "uuid": "8e812af5-8cbf-44a9-895f-27a9abd2562a",
              "parentUUID": "b54e4017-60c6-4bdd-b8c2-69f0a01431d5",
              "isHook": false,
              "skipped": false
            },
            {
              "title": "Found no city",
              "fullTitle": "List city page - display result Found no city",
              "timedOut": null,
              "duration": 3604,
              "state": "passed",
              "speed": "slow",
              "pass": true,
              "fail": false,
              "pending": false,
              "context": null,
              "code": "/* The main test case had checked it all, this case we only check number of city returend */\n// Go directly to searching page with query\ncy.visit(`${Cypress.env('homePageURL')}find?q=${cityTestData.emptyResult.cityQuery.replace(' ', '+')}`); // Check number of city returned\ncityListPage.getCities().should('have.length', cityTestData.emptyResult.expectedResultLength);\ncityListPage.getNotFound().should('exist');",
              "err": {},
              "uuid": "236a56f5-7b5f-4cd1-b6b4-5ac5b2db80fc",
              "parentUUID": "b54e4017-60c6-4bdd-b8c2-69f0a01431d5",
              "isHook": false,
              "skipped": false
            }
          ],
          "suites": [],
          "passes": [
            "2a0c9506-ff3c-4cdc-a316-687fabe83ed1",
            "236a56f5-7b5f-4cd1-b6b4-5ac5b2db80fc"
          ],
          "failures": [
            "8e812af5-8cbf-44a9-895f-27a9abd2562a"
          ],
          "pending": [],
          "skipped": [],
          "duration": 12683,
          "root": false,
          "rootEmpty": false,
          "_timeout": 2000
        }
      ],
      "passes": [],
      "failures": [],
      "pending": [],
      "skipped": [],
      "duration": 0,
      "root": true,
      "rootEmpty": true,
      "_timeout": 2000
    },
    {
      "uuid": "771e7d84-5606-4723-a0f8-f8d7ff151afa",
      "title": "",
      "fullFile": "cypress/integration/E2E/Desktop/03-full-weather-page.js",
      "file": "cypress/integration/E2E/Desktop/03-full-weather-page.js",
      "beforeHooks": [],
      "afterHooks": [],
      "tests": [],
      "suites": [
        {
          "uuid": "dfa78c03-f0bd-4810-9b27-cf7cfe9625f2",
          "title": "Full weather apge - display result",
          "fullFile": "",
          "file": "",
          "beforeHooks": [],
          "afterHooks": [],
          "tests": [
            {
              "title": "Main case - Display correct data",
              "fullTitle": "Full weather apge - display result Main case - Display correct data",
              "timedOut": null,
              "duration": 4642,
              "state": "passed",
              "speed": "slow",
              "pass": true,
              "fail": false,
              "pending": false,
              "context": null,
              "code": "// Intercept to check if get full weather API was called\ncy.intercept({\n  method: 'GET',\n  url: `${Cypress.env('getCityFullWeather_UI')}id=${cityTestData.main.cityId}*`\n}).as('getFullWeather'); // assign an alias \n// Go directly to full weather page with query\ncy.visit(`${Cypress.env('homePageURL')}city/${cityTestData.main.cityId}`); // Get full weather API was called\ncy.wait('@getFullWeather', {\n  timeout: 10000\n}).then(interception => {\n  console.log(interception);\n  assert.isNotNull(interception.response.body, 'API was called');\n}); // Check current date time, city name, city weather and city temperature\nfullWeatherPage.getCurrentDateTime().should('exist');\nfullWeatherPage.getCity().should($h2 => {\n  const text = $h2.text();\n  expect(text.toLowerCase()).to.eql(`${cityTestData.main.cityQuery.replace(' ', '')}, ${cityTestData.main.countryISO}`.toLowerCase());\n});\nfullWeatherPage.getCityWeather().should('exist');\nfullWeatherPage.getCityTemperature().should('exist');",
              "err": {},
              "uuid": "46198804-bcbb-4afb-a65b-2208d408bb43",
              "parentUUID": "dfa78c03-f0bd-4810-9b27-cf7cfe9625f2",
              "isHook": false,
              "skipped": false
            }
          ],
          "suites": [],
          "passes": [
            "46198804-bcbb-4afb-a65b-2208d408bb43"
          ],
          "failures": [],
          "pending": [],
          "skipped": [],
          "duration": 4642,
          "root": false,
          "rootEmpty": false,
          "_timeout": 2000
        }
      ],
      "passes": [],
      "failures": [],
      "pending": [],
      "skipped": [],
      "duration": 0,
      "root": true,
      "rootEmpty": true,
      "_timeout": 2000
    },
    {
      "uuid": "84d63065-22d4-4ecb-acd4-b2d0560588c4",
      "title": "",
      "fullFile": "cypress/integration/API/get-city-weather.js",
      "file": "cypress/integration/API/get-city-weather.js",
      "beforeHooks": [],
      "afterHooks": [],
      "tests": [],
      "suites": [
        {
          "uuid": "50029964-5b63-403a-9d8e-36b8f34b320e",
          "title": "API - Get Citys Weather",
          "fullFile": "",
          "file": "",
          "beforeHooks": [],
          "afterHooks": [],
          "tests": [],
          "suites": [
            {
              "uuid": "1337e717-c9a9-4482-ac57-eaea494486a9",
              "title": "Get City List - https://openweathermap.org/data/2.5/find",
              "fullFile": "",
              "file": "",
              "beforeHooks": [],
              "afterHooks": [],
              "tests": [
                {
                  "title": "Main case - Ha Noi",
                  "fullTitle": "API - Get Citys Weather Get City List - https://openweathermap.org/data/2.5/find Main case - Ha Noi",
                  "timedOut": null,
                  "duration": 2248,
                  "state": "passed",
                  "speed": "slow",
                  "pass": true,
                  "fail": false,
                  "pending": false,
                  "context": null,
                  "code": "// Run the request\ncy.request({\n  method: 'GET',\n  url: `${Cypress.env('getCityListAPI')}&q=${cityTestData.main.cityQuery}`,\n  headers: {\n    'Content-Type': 'application/json; charset=utf-8'\n  }\n}).should(response => {\n  /*--- Status = 200 and isSuccess = true ---*/\n  expect(response.status).to.equal(200); // get data \n  let data = response.body;\n  /*--- Check general data ---*/\n  expect(data.count).to.eql(cityTestData.main.expectedResultLength);\n  expect(data.list).to.have.lengthOf(cityTestData.main.expectedResultLength);\n  expect(data.list[0].id).that.is.a('number').to.eql(cityTestData.main.cityId);\n  expect(data.list[0].name.toLowerCase()).that.is.a('string').to.eql(cityTestData.main.cityQuery.toLowerCase());\n  expect(data.list[0].coord).to.exist;\n  expect(data.list[0].main.temp).that.is.a('number').to.exist;\n  expect(data.list[0].weather).to.exist;\n});",
                  "err": {},
                  "uuid": "dfd7eff0-145d-4602-9a8c-bb0df00b69fd",
                  "parentUUID": "1337e717-c9a9-4482-ac57-eaea494486a9",
                  "isHook": false,
                  "skipped": false
                },
                {
                  "title": "Multipe Result - Manchester",
                  "fullTitle": "API - Get Citys Weather Get City List - https://openweathermap.org/data/2.5/find Multipe Result - Manchester",
                  "timedOut": null,
                  "duration": 640,
                  "state": "passed",
                  "speed": "slow",
                  "pass": true,
                  "fail": false,
                  "pending": false,
                  "context": null,
                  "code": "/* The main test case had checked it all, this case we only check number of city returend */\ncy.request({\n  method: 'GET',\n  url: `${Cypress.env('getCityListAPI')}&q=${cityTestData.multipleResult.cityQuery}`,\n  headers: {\n    'Content-Type': 'application/json; charset=utf-8'\n  }\n}).should(response => {\n  /*--- Status = 200 and isSuccess = true ---*/\n  expect(response.status).to.equal(200); // get data \n  let data = response.body;\n  /*--- Check general data ---*/\n  expect(data.count).to.eql(cityTestData.multipleResult.expectedResultLength);\n  expect(data.list).to.have.lengthOf(cityTestData.multipleResult.expectedResultLength);\n});",
                  "err": {},
                  "uuid": "c5d36e49-4def-4b51-ad42-f6991c598eaf",
                  "parentUUID": "1337e717-c9a9-4482-ac57-eaea494486a9",
                  "isHook": false,
                  "skipped": false
                },
                {
                  "title": "With Country ISO code - Manchester, GB",
                  "fullTitle": "API - Get Citys Weather Get City List - https://openweathermap.org/data/2.5/find With Country ISO code - Manchester, GB",
                  "timedOut": null,
                  "duration": 786,
                  "state": "passed",
                  "speed": "slow",
                  "pass": true,
                  "fail": false,
                  "pending": false,
                  "context": null,
                  "code": "/* The main test case had checked it all, this case we only check number of city returend */\ncy.request({\n  method: 'GET',\n  url: `${Cypress.env('getCityListAPI')}&q=${cityTestData.countryISOQuery.cityQuery}, ${cityTestData.countryISOQuery.countryISO}`,\n  headers: {\n    'Content-Type': 'application/json; charset=utf-8'\n  }\n}).should(response => {\n  /*--- Status = 200 and isSuccess = true ---*/\n  expect(response.status).to.equal(200); // get data \n  let data = response.body;\n  /*--- Check general data ---*/\n  expect(data.count).to.eql(cityTestData.countryISOQuery.expectedResultLength);\n  expect(data.list).to.have.lengthOf(cityTestData.countryISOQuery.expectedResultLength);\n});",
                  "err": {},
                  "uuid": "13f058f2-9ba3-4394-b06c-8f9aab6c039d",
                  "parentUUID": "1337e717-c9a9-4482-ac57-eaea494486a9",
                  "isHook": false,
                  "skipped": false
                },
                {
                  "title": "Empty Result - no city",
                  "fullTitle": "API - Get Citys Weather Get City List - https://openweathermap.org/data/2.5/find Empty Result - no city",
                  "timedOut": null,
                  "duration": 694,
                  "state": "passed",
                  "speed": "slow",
                  "pass": true,
                  "fail": false,
                  "pending": false,
                  "context": null,
                  "code": "/* The main test case had checked it all, this case we only check number of city returend */\ncy.request({\n  method: 'GET',\n  url: `${Cypress.env('getCityListAPI')}&q=${cityTestData.emptyResult.cityQuery}, ${cityTestData.emptyResult.countryISO}`,\n  headers: {\n    'Content-Type': 'application/json; charset=utf-8'\n  }\n}).should(response => {\n  /*--- Status = 200 and isSuccess = true ---*/\n  expect(response.status).to.equal(200); // get data \n  let data = response.body;\n  /*--- Check general data ---*/\n  expect(data.count).to.eql(cityTestData.emptyResult.expectedResultLength);\n  expect(data.list).to.have.lengthOf(cityTestData.emptyResult.expectedResultLength);\n});",
                  "err": {},
                  "uuid": "d3a4323a-ca1e-4204-8ef1-282b5e54a87b",
                  "parentUUID": "1337e717-c9a9-4482-ac57-eaea494486a9",
                  "isHook": false,
                  "skipped": false
                }
              ],
              "suites": [],
              "passes": [
                "dfd7eff0-145d-4602-9a8c-bb0df00b69fd",
                "c5d36e49-4def-4b51-ad42-f6991c598eaf",
                "13f058f2-9ba3-4394-b06c-8f9aab6c039d",
                "d3a4323a-ca1e-4204-8ef1-282b5e54a87b"
              ],
              "failures": [],
              "pending": [],
              "skipped": [],
              "duration": 4368,
              "root": false,
              "rootEmpty": false,
              "_timeout": 2000
            },
            {
              "uuid": "9b9784ec-82e3-40f1-a387-195fccc52623",
              "title": "Get City Full Weather - https://openweathermap.org/data/2.5/weather",
              "fullFile": "",
              "file": "",
              "beforeHooks": [],
              "afterHooks": [],
              "tests": [
                {
                  "title": "Main case - Ha Noi",
                  "fullTitle": "API - Get Citys Weather Get City Full Weather - https://openweathermap.org/data/2.5/weather Main case - Ha Noi",
                  "timedOut": null,
                  "duration": 705,
                  "state": "passed",
                  "speed": "slow",
                  "pass": true,
                  "fail": false,
                  "pending": false,
                  "context": null,
                  "code": "// Run the request\ncy.request({\n  method: 'GET',\n  url: `${Cypress.env('getCityFullWeather')}&id=${cityTestData.main.cityId}`,\n  headers: {\n    'Content-Type': 'application/json; charset=utf-8'\n  }\n}).should(response => {\n  /*--- Status = 200 and isSuccess = true ---*/\n  expect(response.status).to.equal(200); // get data \n  let data = response.body;\n  /*--- Check general data ---*/\n  expect(data.name.toLowerCase()).that.is.a('string').to.eql(cityTestData.main.cityQuery.replace(' ', '').toLowerCase());\n  expect(data.coord).to.exist;\n  expect(data.weather).to.exist;\n  expect(data.main.temp).that.is.a('number').to.exist;\n});",
                  "err": {},
                  "uuid": "bb33c445-910a-4c3c-8afc-7f2bce26bcb2",
                  "parentUUID": "9b9784ec-82e3-40f1-a387-195fccc52623",
                  "isHook": false,
                  "skipped": false
                }
              ],
              "suites": [],
              "passes": [
                "bb33c445-910a-4c3c-8afc-7f2bce26bcb2"
              ],
              "failures": [],
              "pending": [],
              "skipped": [],
              "duration": 705,
              "root": false,
              "rootEmpty": false,
              "_timeout": 2000
            }
          ],
          "passes": [],
          "failures": [],
          "pending": [],
          "skipped": [],
          "duration": 0,
          "root": false,
          "rootEmpty": false,
          "_timeout": 2000
        }
      ],
      "passes": [],
      "failures": [],
      "pending": [],
      "skipped": [],
      "duration": 0,
      "root": true,
      "rootEmpty": true,
      "_timeout": 2000
    }
  ],
  "meta": {
    "mocha": {
      "version": "7.0.1"
    },
    "mochawesome": {
      "options": {
        "quiet": false,
        "reportFilename": "mochawesome",
        "saveHtml": false,
        "saveJson": true,
        "consoleReporter": "spec",
        "useInlineDiffs": false,
        "code": true
      },
      "version": "6.2.2"
    },
    "marge": {
      "options": {
        "id": "default",
        "reportDir": "cypress/reports/mocha",
        "quite": true,
        "overwrite": false,
        "html": false,
        "json": true
      },
      "version": "5.2.0"
    }
  }
}